<?xml version="1.0" encoding="UTF-8"?>
<robot generator="Robot 4.1.2 (Python 3.10.0 on win32)" generated="20211112 08:09:17.523" rpa="false" schemaversion="2">
<suite id="s1" name="testLoginMyStore" source="E:\Projetos Robot\TestsMyStore\tests\testLoginMyStore.robot">
<test id="s1-t1" name="Cenário: Login com sucesso">
<kw name="Abrir Navegador" library="Resource" type="SETUP">
<kw name="Open Browser" library="SeleniumLibrary">
<arg>${URL}</arg>
<arg>${BROWSER}</arg>
<doc>Opens a new browser instance to the optional ``url``.</doc>
<msg timestamp="20211112 08:09:17.862" level="INFO">Opening browser 'Google Chrome' to base url 'http://automationpractice.com/index.php'.</msg>
<status status="PASS" starttime="20211112 08:09:17.862" endtime="20211112 08:09:26.173"/>
</kw>
<status status="PASS" starttime="20211112 08:09:17.862" endtime="20211112 08:09:26.173"/>
</kw>
<kw name="Dado que esteja na página de login">
<kw name="Acessar a pagina login" library="Resource">
<kw name="Go To" library="SeleniumLibrary">
<arg>${PAGE_LOGIN}</arg>
<doc>Navigates the current browser window to the provided ``url``.</doc>
<msg timestamp="20211112 08:09:26.175" level="INFO">Opening url 'http://automationpractice.com/index.php?controller=authentication&amp;back=my-account'</msg>
<status status="PASS" starttime="20211112 08:09:26.175" endtime="20211112 08:09:27.557"/>
</kw>
<status status="PASS" starttime="20211112 08:09:26.175" endtime="20211112 08:09:27.557"/>
</kw>
<status status="PASS" starttime="20211112 08:09:26.174" endtime="20211112 08:09:27.557"/>
</kw>
<kw name="Quando inserir o email e senha">
<arg>evertondutra02@gmail.com</arg>
<arg>123456</arg>
<kw name="Inserir Email" library="Resource">
<arg>${EMAIL}</arg>
<kw name="Input Text" library="SeleniumLibrary">
<arg>id:email</arg>
<arg>${EMAIL}</arg>
<doc>Types the given ``text`` into the text field identified by ``locator``.</doc>
<msg timestamp="20211112 08:09:27.559" level="INFO">Typing text 'evertondutra02@gmail.com' into text field 'id:email'.</msg>
<status status="PASS" starttime="20211112 08:09:27.559" endtime="20211112 08:09:27.706"/>
</kw>
<status status="PASS" starttime="20211112 08:09:27.558" endtime="20211112 08:09:27.707"/>
</kw>
<kw name="Inserir Senha" library="Resource">
<arg>${SENHA}</arg>
<kw name="Input Text" library="SeleniumLibrary">
<arg>id:passwd</arg>
<arg>${SENHA}</arg>
<doc>Types the given ``text`` into the text field identified by ``locator``.</doc>
<msg timestamp="20211112 08:09:27.707" level="INFO">Typing text '123456' into text field 'id:passwd'.</msg>
<status status="PASS" starttime="20211112 08:09:27.707" endtime="20211112 08:09:27.809"/>
</kw>
<status status="PASS" starttime="20211112 08:09:27.707" endtime="20211112 08:09:27.809"/>
</kw>
<kw name="Clicar Botão Sign In" library="Resource">
<kw name="Click Button" library="SeleniumLibrary">
<arg>id:SubmitLogin</arg>
<doc>Clicks the button identified by ``locator``.</doc>
<msg timestamp="20211112 08:09:27.810" level="INFO">Clicking button 'id:SubmitLogin'.</msg>
<status status="PASS" starttime="20211112 08:09:27.809" endtime="20211112 08:09:30.198"/>
</kw>
<status status="PASS" starttime="20211112 08:09:27.809" endtime="20211112 08:09:30.198"/>
</kw>
<status status="PASS" starttime="20211112 08:09:27.558" endtime="20211112 08:09:30.199"/>
</kw>
<kw name="Então devo logar e estar na página da conta">
<kw name="Conferir se a conta esta logada" library="Resource">
<kw name="Wait Until Element Is Visible" library="SeleniumLibrary">
<arg>class:account</arg>
<doc>Waits until the element ``locator`` is visible.</doc>
<status status="PASS" starttime="20211112 08:09:30.200" endtime="20211112 08:09:30.237"/>
</kw>
<kw name="Get WebElement" library="SeleniumLibrary">
<var>${ELEMENT}</var>
<arg>class:account</arg>
<doc>Returns the first WebElement matching the given ``locator``.</doc>
<msg timestamp="20211112 08:09:30.243" level="INFO">${ELEMENT} = &lt;selenium.webdriver.remote.webelement.WebElement (session="f40e33761f1486d99fc4c167aaa61603", element="80fb4d95-fb30-436a-8757-25a7392ebb6a")&gt;</msg>
<status status="PASS" starttime="20211112 08:09:30.237" endtime="20211112 08:09:30.243"/>
</kw>
<kw name="Should Be Equal" library="BuiltIn">
<arg>${ELEMENT.text}</arg>
<arg>Everton Dutra</arg>
<doc>Fails if the given objects are unequal.</doc>
<status status="PASS" starttime="20211112 08:09:30.244" endtime="20211112 08:09:30.258"/>
</kw>
<kw name="Element Text Should Be" library="SeleniumLibrary">
<arg>class:page-heading</arg>
<arg>MY ACCOUNT</arg>
<doc>Verifies that element ``locator`` contains exact the text ``expected``.</doc>
<msg timestamp="20211112 08:09:30.258" level="INFO">Verifying element 'class:page-heading' contains exact text 'MY ACCOUNT'.</msg>
<status status="PASS" starttime="20211112 08:09:30.258" endtime="20211112 08:09:30.282"/>
</kw>
<status status="PASS" starttime="20211112 08:09:30.199" endtime="20211112 08:09:30.282"/>
</kw>
<status status="PASS" starttime="20211112 08:09:30.199" endtime="20211112 08:09:30.282"/>
</kw>
<kw name="Fechar Navegador" library="Resource" type="TEARDOWN">
<kw name="Close Browser" library="SeleniumLibrary">
<doc>Closes the current browser.</doc>
<status status="PASS" starttime="20211112 08:09:30.283" endtime="20211112 08:09:32.490"/>
</kw>
<status status="PASS" starttime="20211112 08:09:30.283" endtime="20211112 08:09:32.490"/>
</kw>
<tag>CENARIO_1</tag>
<status status="PASS" starttime="20211112 08:09:17.861" endtime="20211112 08:09:32.491"/>
</test>
<test id="s1-t2" name="Cenário: Login sem sucesso: sem informar o email">
<kw name="Abrir Navegador" library="Resource" type="SETUP">
<kw name="Open Browser" library="SeleniumLibrary">
<arg>${URL}</arg>
<arg>${BROWSER}</arg>
<doc>Opens a new browser instance to the optional ``url``.</doc>
<msg timestamp="20211112 08:09:32.494" level="INFO">Opening browser 'Google Chrome' to base url 'http://automationpractice.com/index.php'.</msg>
<status status="PASS" starttime="20211112 08:09:32.493" endtime="20211112 08:09:40.113"/>
</kw>
<status status="PASS" starttime="20211112 08:09:32.493" endtime="20211112 08:09:40.113"/>
</kw>
<kw name="Dado que esteja na página de login">
<kw name="Acessar a pagina login" library="Resource">
<kw name="Go To" library="SeleniumLibrary">
<arg>${PAGE_LOGIN}</arg>
<doc>Navigates the current browser window to the provided ``url``.</doc>
<msg timestamp="20211112 08:09:40.116" level="INFO">Opening url 'http://automationpractice.com/index.php?controller=authentication&amp;back=my-account'</msg>
<status status="PASS" starttime="20211112 08:09:40.115" endtime="20211112 08:09:41.442"/>
</kw>
<status status="PASS" starttime="20211112 08:09:40.115" endtime="20211112 08:09:41.442"/>
</kw>
<status status="PASS" starttime="20211112 08:09:40.115" endtime="20211112 08:09:41.442"/>
</kw>
<kw name="Quando inserir somente a senha">
<arg>123456</arg>
<kw name="Inserir Senha" library="Resource">
<arg>${SENHA}</arg>
<kw name="Input Text" library="SeleniumLibrary">
<arg>id:passwd</arg>
<arg>${SENHA}</arg>
<doc>Types the given ``text`` into the text field identified by ``locator``.</doc>
<msg timestamp="20211112 08:09:41.445" level="INFO">Typing text '123456' into text field 'id:passwd'.</msg>
<status status="PASS" starttime="20211112 08:09:41.445" endtime="20211112 08:09:41.544"/>
</kw>
<status status="PASS" starttime="20211112 08:09:41.444" endtime="20211112 08:09:41.544"/>
</kw>
<kw name="Clicar Botão Sign In" library="Resource">
<kw name="Click Button" library="SeleniumLibrary">
<arg>id:SubmitLogin</arg>
<doc>Clicks the button identified by ``locator``.</doc>
<msg timestamp="20211112 08:09:41.545" level="INFO">Clicking button 'id:SubmitLogin'.</msg>
<status status="PASS" starttime="20211112 08:09:41.544" endtime="20211112 08:09:43.034"/>
</kw>
<status status="PASS" starttime="20211112 08:09:41.544" endtime="20211112 08:09:43.034"/>
</kw>
<status status="PASS" starttime="20211112 08:09:41.444" endtime="20211112 08:09:43.034"/>
</kw>
<kw name="não deve logar e mostrar mensagem de erro">
<arg>An email address required.</arg>
<kw name="Conferir msg de Erro" library="Resource">
<arg>${MSG}</arg>
<kw name="Wait Until Element Is Visible" library="SeleniumLibrary">
<arg>css:div.alert ol</arg>
<doc>Waits until the element ``locator`` is visible.</doc>
<status status="PASS" starttime="20211112 08:09:43.035" endtime="20211112 08:09:43.066"/>
</kw>
<kw name="Element Text Should Be" library="SeleniumLibrary">
<arg>css:div.alert ol</arg>
<arg>${MSG}</arg>
<doc>Verifies that element ``locator`` contains exact the text ``expected``.</doc>
<msg timestamp="20211112 08:09:43.066" level="INFO">Verifying element 'css:div.alert ol' contains exact text 'An email address required.'.</msg>
<status status="PASS" starttime="20211112 08:09:43.066" endtime="20211112 08:09:43.084"/>
</kw>
<kw name="Element Text Should Be" library="SeleniumLibrary">
<arg>css:div.alert p</arg>
<arg>There is 1 error</arg>
<doc>Verifies that element ``locator`` contains exact the text ``expected``.</doc>
<msg timestamp="20211112 08:09:43.084" level="INFO">Verifying element 'css:div.alert p' contains exact text 'There is 1 error'.</msg>
<status status="PASS" starttime="20211112 08:09:43.084" endtime="20211112 08:09:43.107"/>
</kw>
<kw name="Element Should Be Visible" library="SeleniumLibrary">
<arg>id:SubmitCreate</arg>
<doc>Verifies that the element identified by ``locator`` is visible.</doc>
<msg timestamp="20211112 08:09:43.133" level="INFO">Element 'id:SubmitCreate' is displayed.</msg>
<status status="PASS" starttime="20211112 08:09:43.108" endtime="20211112 08:09:43.133"/>
</kw>
<status status="PASS" starttime="20211112 08:09:43.035" endtime="20211112 08:09:43.133"/>
</kw>
<status status="PASS" starttime="20211112 08:09:43.035" endtime="20211112 08:09:43.133"/>
</kw>
<kw name="Fechar Navegador" library="Resource" type="TEARDOWN">
<kw name="Close Browser" library="SeleniumLibrary">
<doc>Closes the current browser.</doc>
<status status="PASS" starttime="20211112 08:09:43.134" endtime="20211112 08:09:45.298"/>
</kw>
<status status="PASS" starttime="20211112 08:09:43.134" endtime="20211112 08:09:45.298"/>
</kw>
<tag>CENARIO_2</tag>
<status status="PASS" starttime="20211112 08:09:32.492" endtime="20211112 08:09:45.299"/>
</test>
<test id="s1-t3" name="Cenário: Login sem sucesso: informar o email inválido">
<kw name="Abrir Navegador" library="Resource" type="SETUP">
<kw name="Open Browser" library="SeleniumLibrary">
<arg>${URL}</arg>
<arg>${BROWSER}</arg>
<doc>Opens a new browser instance to the optional ``url``.</doc>
<msg timestamp="20211112 08:09:45.301" level="INFO">Opening browser 'Google Chrome' to base url 'http://automationpractice.com/index.php'.</msg>
<status status="PASS" starttime="20211112 08:09:45.301" endtime="20211112 08:09:51.239"/>
</kw>
<status status="PASS" starttime="20211112 08:09:45.301" endtime="20211112 08:09:51.239"/>
</kw>
<kw name="Dado que esteja na página de login">
<kw name="Acessar a pagina login" library="Resource">
<kw name="Go To" library="SeleniumLibrary">
<arg>${PAGE_LOGIN}</arg>
<doc>Navigates the current browser window to the provided ``url``.</doc>
<msg timestamp="20211112 08:09:51.241" level="INFO">Opening url 'http://automationpractice.com/index.php?controller=authentication&amp;back=my-account'</msg>
<status status="PASS" starttime="20211112 08:09:51.241" endtime="20211112 08:09:52.849"/>
</kw>
<status status="PASS" starttime="20211112 08:09:51.241" endtime="20211112 08:09:52.849"/>
</kw>
<status status="PASS" starttime="20211112 08:09:51.240" endtime="20211112 08:09:52.849"/>
</kw>
<kw name="Quando inserir o email e senha">
<arg>eduardo02@gmail.com</arg>
<arg>123456</arg>
<kw name="Inserir Email" library="Resource">
<arg>${EMAIL}</arg>
<kw name="Input Text" library="SeleniumLibrary">
<arg>id:email</arg>
<arg>${EMAIL}</arg>
<doc>Types the given ``text`` into the text field identified by ``locator``.</doc>
<msg timestamp="20211112 08:09:52.851" level="INFO">Typing text 'eduardo02@gmail.com' into text field 'id:email'.</msg>
<status status="PASS" starttime="20211112 08:09:52.851" endtime="20211112 08:09:52.972"/>
</kw>
<status status="PASS" starttime="20211112 08:09:52.850" endtime="20211112 08:09:52.973"/>
</kw>
<kw name="Inserir Senha" library="Resource">
<arg>${SENHA}</arg>
<kw name="Input Text" library="SeleniumLibrary">
<arg>id:passwd</arg>
<arg>${SENHA}</arg>
<doc>Types the given ``text`` into the text field identified by ``locator``.</doc>
<msg timestamp="20211112 08:09:52.974" level="INFO">Typing text '123456' into text field 'id:passwd'.</msg>
<status status="PASS" starttime="20211112 08:09:52.974" endtime="20211112 08:09:53.076"/>
</kw>
<status status="PASS" starttime="20211112 08:09:52.973" endtime="20211112 08:09:53.076"/>
</kw>
<kw name="Clicar Botão Sign In" library="Resource">
<kw name="Click Button" library="SeleniumLibrary">
<arg>id:SubmitLogin</arg>
<doc>Clicks the button identified by ``locator``.</doc>
<msg timestamp="20211112 08:09:53.077" level="INFO">Clicking button 'id:SubmitLogin'.</msg>
<status status="PASS" starttime="20211112 08:09:53.077" endtime="20211112 08:09:55.670"/>
</kw>
<status status="PASS" starttime="20211112 08:09:53.077" endtime="20211112 08:09:55.670"/>
</kw>
<status status="PASS" starttime="20211112 08:09:52.850" endtime="20211112 08:09:55.670"/>
</kw>
<kw name="não deve logar e mostrar mensagem de erro">
<arg>Authentication failed.</arg>
<kw name="Conferir msg de Erro" library="Resource">
<arg>${MSG}</arg>
<kw name="Wait Until Element Is Visible" library="SeleniumLibrary">
<arg>css:div.alert ol</arg>
<doc>Waits until the element ``locator`` is visible.</doc>
<status status="PASS" starttime="20211112 08:09:55.672" endtime="20211112 08:09:55.704"/>
</kw>
<kw name="Element Text Should Be" library="SeleniumLibrary">
<arg>css:div.alert ol</arg>
<arg>${MSG}</arg>
<doc>Verifies that element ``locator`` contains exact the text ``expected``.</doc>
<msg timestamp="20211112 08:09:55.705" level="INFO">Verifying element 'css:div.alert ol' contains exact text 'Authentication failed.'.</msg>
<status status="PASS" starttime="20211112 08:09:55.704" endtime="20211112 08:09:55.724"/>
</kw>
<kw name="Element Text Should Be" library="SeleniumLibrary">
<arg>css:div.alert p</arg>
<arg>There is 1 error</arg>
<doc>Verifies that element ``locator`` contains exact the text ``expected``.</doc>
<msg timestamp="20211112 08:09:55.724" level="INFO">Verifying element 'css:div.alert p' contains exact text 'There is 1 error'.</msg>
<status status="PASS" starttime="20211112 08:09:55.724" endtime="20211112 08:09:55.748"/>
</kw>
<kw name="Element Should Be Visible" library="SeleniumLibrary">
<arg>id:SubmitCreate</arg>
<doc>Verifies that the element identified by ``locator`` is visible.</doc>
<msg timestamp="20211112 08:09:55.773" level="INFO">Element 'id:SubmitCreate' is displayed.</msg>
<status status="PASS" starttime="20211112 08:09:55.748" endtime="20211112 08:09:55.773"/>
</kw>
<status status="PASS" starttime="20211112 08:09:55.671" endtime="20211112 08:09:55.773"/>
</kw>
<status status="PASS" starttime="20211112 08:09:55.671" endtime="20211112 08:09:55.773"/>
</kw>
<kw name="Fechar Navegador" library="Resource" type="TEARDOWN">
<kw name="Close Browser" library="SeleniumLibrary">
<doc>Closes the current browser.</doc>
<status status="PASS" starttime="20211112 08:09:55.774" endtime="20211112 08:09:57.945"/>
</kw>
<status status="PASS" starttime="20211112 08:09:55.774" endtime="20211112 08:09:57.945"/>
</kw>
<tag>CENARIO_3</tag>
<status status="PASS" starttime="20211112 08:09:45.300" endtime="20211112 08:09:57.946"/>
</test>
<test id="s1-t4" name="Cenário: Login sem sucesso: informar no email somente números">
<kw name="Abrir Navegador" library="Resource" type="SETUP">
<kw name="Open Browser" library="SeleniumLibrary">
<arg>${URL}</arg>
<arg>${BROWSER}</arg>
<doc>Opens a new browser instance to the optional ``url``.</doc>
<msg timestamp="20211112 08:09:57.948" level="INFO">Opening browser 'Google Chrome' to base url 'http://automationpractice.com/index.php'.</msg>
<status status="PASS" starttime="20211112 08:09:57.948" endtime="20211112 08:10:05.524"/>
</kw>
<status status="PASS" starttime="20211112 08:09:57.948" endtime="20211112 08:10:05.525"/>
</kw>
<kw name="Dado que esteja na página de login">
<kw name="Acessar a pagina login" library="Resource">
<kw name="Go To" library="SeleniumLibrary">
<arg>${PAGE_LOGIN}</arg>
<doc>Navigates the current browser window to the provided ``url``.</doc>
<msg timestamp="20211112 08:10:05.527" level="INFO">Opening url 'http://automationpractice.com/index.php?controller=authentication&amp;back=my-account'</msg>
<status status="PASS" starttime="20211112 08:10:05.527" endtime="20211112 08:10:06.972"/>
</kw>
<status status="PASS" starttime="20211112 08:10:05.526" endtime="20211112 08:10:06.972"/>
</kw>
<status status="PASS" starttime="20211112 08:10:05.526" endtime="20211112 08:10:06.972"/>
</kw>
<kw name="Quando inserir o email e senha">
<arg>145456131</arg>
<arg>123456</arg>
<kw name="Inserir Email" library="Resource">
<arg>${EMAIL}</arg>
<kw name="Input Text" library="SeleniumLibrary">
<arg>id:email</arg>
<arg>${EMAIL}</arg>
<doc>Types the given ``text`` into the text field identified by ``locator``.</doc>
<msg timestamp="20211112 08:10:06.974" level="INFO">Typing text '145456131' into text field 'id:email'.</msg>
<status status="PASS" starttime="20211112 08:10:06.974" endtime="20211112 08:10:07.075"/>
</kw>
<status status="PASS" starttime="20211112 08:10:06.973" endtime="20211112 08:10:07.075"/>
</kw>
<kw name="Inserir Senha" library="Resource">
<arg>${SENHA}</arg>
<kw name="Input Text" library="SeleniumLibrary">
<arg>id:passwd</arg>
<arg>${SENHA}</arg>
<doc>Types the given ``text`` into the text field identified by ``locator``.</doc>
<msg timestamp="20211112 08:10:07.076" level="INFO">Typing text '123456' into text field 'id:passwd'.</msg>
<status status="PASS" starttime="20211112 08:10:07.076" endtime="20211112 08:10:07.176"/>
</kw>
<status status="PASS" starttime="20211112 08:10:07.076" endtime="20211112 08:10:07.176"/>
</kw>
<kw name="Clicar Botão Sign In" library="Resource">
<kw name="Click Button" library="SeleniumLibrary">
<arg>id:SubmitLogin</arg>
<doc>Clicks the button identified by ``locator``.</doc>
<msg timestamp="20211112 08:10:07.176" level="INFO">Clicking button 'id:SubmitLogin'.</msg>
<status status="PASS" starttime="20211112 08:10:07.176" endtime="20211112 08:10:08.568"/>
</kw>
<status status="PASS" starttime="20211112 08:10:07.176" endtime="20211112 08:10:08.568"/>
</kw>
<status status="PASS" starttime="20211112 08:10:06.973" endtime="20211112 08:10:08.568"/>
</kw>
<kw name="não deve logar e mostrar mensagem de erro">
<arg>Invalid email address.</arg>
<kw name="Conferir msg de Erro" library="Resource">
<arg>${MSG}</arg>
<kw name="Wait Until Element Is Visible" library="SeleniumLibrary">
<arg>css:div.alert ol</arg>
<doc>Waits until the element ``locator`` is visible.</doc>
<status status="PASS" starttime="20211112 08:10:08.570" endtime="20211112 08:10:08.600"/>
</kw>
<kw name="Element Text Should Be" library="SeleniumLibrary">
<arg>css:div.alert ol</arg>
<arg>${MSG}</arg>
<doc>Verifies that element ``locator`` contains exact the text ``expected``.</doc>
<msg timestamp="20211112 08:10:08.601" level="INFO">Verifying element 'css:div.alert ol' contains exact text 'Invalid email address.'.</msg>
<status status="PASS" starttime="20211112 08:10:08.601" endtime="20211112 08:10:08.619"/>
</kw>
<kw name="Element Text Should Be" library="SeleniumLibrary">
<arg>css:div.alert p</arg>
<arg>There is 1 error</arg>
<doc>Verifies that element ``locator`` contains exact the text ``expected``.</doc>
<msg timestamp="20211112 08:10:08.619" level="INFO">Verifying element 'css:div.alert p' contains exact text 'There is 1 error'.</msg>
<status status="PASS" starttime="20211112 08:10:08.619" endtime="20211112 08:10:08.644"/>
</kw>
<kw name="Element Should Be Visible" library="SeleniumLibrary">
<arg>id:SubmitCreate</arg>
<doc>Verifies that the element identified by ``locator`` is visible.</doc>
<msg timestamp="20211112 08:10:08.669" level="INFO">Element 'id:SubmitCreate' is displayed.</msg>
<status status="PASS" starttime="20211112 08:10:08.644" endtime="20211112 08:10:08.669"/>
</kw>
<status status="PASS" starttime="20211112 08:10:08.569" endtime="20211112 08:10:08.669"/>
</kw>
<status status="PASS" starttime="20211112 08:10:08.569" endtime="20211112 08:10:08.669"/>
</kw>
<kw name="Fechar Navegador" library="Resource" type="TEARDOWN">
<kw name="Close Browser" library="SeleniumLibrary">
<doc>Closes the current browser.</doc>
<status status="PASS" starttime="20211112 08:10:08.670" endtime="20211112 08:10:10.833"/>
</kw>
<status status="PASS" starttime="20211112 08:10:08.670" endtime="20211112 08:10:10.833"/>
</kw>
<tag>CENARIO_4</tag>
<status status="PASS" starttime="20211112 08:09:57.947" endtime="20211112 08:10:10.834"/>
</test>
<status status="PASS" starttime="20211112 08:09:17.525" endtime="20211112 08:10:10.835"/>
</suite>
<statistics>
<total>
<stat pass="4" fail="0" skip="0">All Tests</stat>
</total>
<tag>
<stat pass="1" fail="0" skip="0">CENARIO_1</stat>
<stat pass="1" fail="0" skip="0">CENARIO_2</stat>
<stat pass="1" fail="0" skip="0">CENARIO_3</stat>
<stat pass="1" fail="0" skip="0">CENARIO_4</stat>
</tag>
<suite>
<stat pass="4" fail="0" skip="0" id="s1" name="testLoginMyStore">testLoginMyStore</stat>
</suite>
</statistics>
<errors>
</errors>
</robot>
