<?xml version="1.0" encoding="UTF-8"?>
<robot generator="Robot 4.1.2 (Python 3.10.0 on win32)" generated="20211112 14:51:49.904" rpa="false" schemaversion="2">
<suite id="s1" name="testLoginMyStore" source="E:\Projetos Robot\TestsMyStore\tests\testLoginMyStore.robot">
<test id="s1-t1" name="Cenário: Login sem sucesso: informar no email somente caracteres">
<kw name="Abrir Navegador" library="Resource" type="SETUP">
<kw name="Open Browser" library="SeleniumLibrary">
<arg>${URL}</arg>
<arg>${BROWSER}</arg>
<doc>Opens a new browser instance to the optional ``url``.</doc>
<msg timestamp="20211112 14:51:50.116" level="INFO">Opening browser 'Google Chrome' to base url 'http://automationpractice.com/index.php'.</msg>
<status status="PASS" starttime="20211112 14:51:50.115" endtime="20211112 14:52:04.196"/>
</kw>
<status status="PASS" starttime="20211112 14:51:50.115" endtime="20211112 14:52:04.196"/>
</kw>
<kw name="Dado que esteja na página de login">
<kw name="Acessar a pagina login" library="Resource">
<kw name="Go To" library="SeleniumLibrary">
<arg>${PAGE_LOGIN}</arg>
<doc>Navigates the current browser window to the provided ``url``.</doc>
<msg timestamp="20211112 14:52:04.198" level="INFO">Opening url 'http://automationpractice.com/index.php?controller=authentication&amp;back=my-account'</msg>
<status status="PASS" starttime="20211112 14:52:04.198" endtime="20211112 14:52:15.713"/>
</kw>
<status status="PASS" starttime="20211112 14:52:04.198" endtime="20211112 14:52:15.713"/>
</kw>
<status status="PASS" starttime="20211112 14:52:04.198" endtime="20211112 14:52:15.714"/>
</kw>
<kw name="Quando inserir o email e senha">
<arg>!#@$#$%#$¨¨¨$%&amp;</arg>
<arg>123456</arg>
<kw name="Inserir Email" library="Resource">
<arg>${EMAIL}</arg>
<kw name="Input Text" library="SeleniumLibrary">
<arg>id:email</arg>
<arg>${EMAIL}</arg>
<doc>Types the given ``text`` into the text field identified by ``locator``.</doc>
<msg timestamp="20211112 14:52:15.715" level="INFO">Typing text '!#@$#$%#$¨¨¨$%&amp;' into text field 'id:email'.</msg>
<status status="PASS" starttime="20211112 14:52:15.715" endtime="20211112 14:52:15.830"/>
</kw>
<status status="PASS" starttime="20211112 14:52:15.714" endtime="20211112 14:52:15.830"/>
</kw>
<kw name="Inserir Senha" library="Resource">
<arg>${SENHA}</arg>
<kw name="Input Text" library="SeleniumLibrary">
<arg>id:passwd</arg>
<arg>${SENHA}</arg>
<doc>Types the given ``text`` into the text field identified by ``locator``.</doc>
<msg timestamp="20211112 14:52:15.830" level="INFO">Typing text '123456' into text field 'id:passwd'.</msg>
<status status="PASS" starttime="20211112 14:52:15.830" endtime="20211112 14:52:15.935"/>
</kw>
<status status="PASS" starttime="20211112 14:52:15.830" endtime="20211112 14:52:15.936"/>
</kw>
<kw name="Clicar Botão Sign In" library="Resource">
<kw name="Click Button" library="SeleniumLibrary">
<arg>id:SubmitLogin</arg>
<doc>Clicks the button identified by ``locator``.</doc>
<msg timestamp="20211112 14:52:15.936" level="INFO">Clicking button 'id:SubmitLogin'.</msg>
<status status="PASS" starttime="20211112 14:52:15.936" endtime="20211112 14:52:24.523"/>
</kw>
<status status="PASS" starttime="20211112 14:52:15.936" endtime="20211112 14:52:24.523"/>
</kw>
<status status="PASS" starttime="20211112 14:52:15.714" endtime="20211112 14:52:24.523"/>
</kw>
<kw name="não deve logar e mostrar mensagem de erro">
<arg>Invalid email address.</arg>
<kw name="Conferir msg de Erro" library="Resource">
<arg>${MSG}</arg>
<kw name="Wait Until Element Is Visible" library="SeleniumLibrary">
<arg>css:div.alert ol</arg>
<doc>Waits until the element ``locator`` is visible.</doc>
<status status="PASS" starttime="20211112 14:52:24.525" endtime="20211112 14:52:24.555"/>
</kw>
<kw name="Element Text Should Be" library="SeleniumLibrary">
<arg>css:div.alert ol</arg>
<arg>${MSG}</arg>
<doc>Verifies that element ``locator`` contains exact the text ``expected``.</doc>
<msg timestamp="20211112 14:52:24.555" level="INFO">Verifying element 'css:div.alert ol' contains exact text 'Invalid email address.'.</msg>
<status status="PASS" starttime="20211112 14:52:24.555" endtime="20211112 14:52:24.575"/>
</kw>
<kw name="Element Text Should Be" library="SeleniumLibrary">
<arg>css:div.alert p</arg>
<arg>There is 1 error</arg>
<doc>Verifies that element ``locator`` contains exact the text ``expected``.</doc>
<msg timestamp="20211112 14:52:24.575" level="INFO">Verifying element 'css:div.alert p' contains exact text 'There is 1 error'.</msg>
<status status="PASS" starttime="20211112 14:52:24.575" endtime="20211112 14:52:24.599"/>
</kw>
<kw name="Element Should Be Visible" library="SeleniumLibrary">
<arg>id:SubmitCreate</arg>
<doc>Verifies that the element identified by ``locator`` is visible.</doc>
<msg timestamp="20211112 14:52:24.625" level="INFO">Element 'id:SubmitCreate' is displayed.</msg>
<status status="PASS" starttime="20211112 14:52:24.599" endtime="20211112 14:52:24.625"/>
</kw>
<status status="PASS" starttime="20211112 14:52:24.524" endtime="20211112 14:52:24.625"/>
</kw>
<status status="PASS" starttime="20211112 14:52:24.524" endtime="20211112 14:52:24.625"/>
</kw>
<kw name="Fechar Navegador" library="Resource" type="TEARDOWN">
<kw name="Capture Page Screenshot" library="SeleniumLibrary">
<doc>Takes a screenshot of the current page and embeds it into a log file.</doc>
<msg timestamp="20211112 14:52:24.736" level="INFO" html="true">&lt;/td&gt;&lt;/tr&gt;&lt;tr&gt;&lt;td colspan="3"&gt;&lt;a href="selenium-screenshot-3.png"&gt;&lt;img src="selenium-screenshot-3.png" width="800px"&gt;&lt;/a&gt;</msg>
<status status="PASS" starttime="20211112 14:52:24.626" endtime="20211112 14:52:24.736"/>
</kw>
<kw name="Close Browser" library="SeleniumLibrary">
<doc>Closes the current browser.</doc>
<status status="PASS" starttime="20211112 14:52:24.736" endtime="20211112 14:52:26.899"/>
</kw>
<status status="PASS" starttime="20211112 14:52:24.626" endtime="20211112 14:52:26.899"/>
</kw>
<tag>CENARIO_5</tag>
<status status="PASS" starttime="20211112 14:51:50.114" endtime="20211112 14:52:26.900"/>
</test>
<status status="PASS" starttime="20211112 14:51:49.906" endtime="20211112 14:52:26.901"/>
</suite>
<statistics>
<total>
<stat pass="1" fail="0" skip="0">All Tests</stat>
</total>
<tag>
<stat pass="1" fail="0" skip="0">CENARIO_5</stat>
</tag>
<suite>
<stat pass="1" fail="0" skip="0" id="s1" name="testLoginMyStore">testLoginMyStore</stat>
</suite>
</statistics>
<errors>
</errors>
</robot>
