<?xml version="1.0" encoding="UTF-8"?>
<robot generator="Robot 4.1.2 (Python 3.10.0 on win32)" generated="20211112 03:48:20.199" rpa="false" schemaversion="2">
<suite id="s1" name="testLoginMyStore" source="E:\Projetos Robot\TestsMyStore\tests\testLoginMyStore.robot">
<test id="s1-t1" name="Cenário: Login sem sucesso: informar no email somente números">
<kw name="Abrir Navegador" library="Resource" type="SETUP">
<kw name="Open Browser" library="SeleniumLibrary">
<arg>${URL}</arg>
<arg>${BROWSER}</arg>
<doc>Opens a new browser instance to the optional ``url``.</doc>
<msg timestamp="20211112 03:48:20.385" level="INFO">Opening browser 'Google Chrome' to base url 'http://automationpractice.com/index.php'.</msg>
<status status="PASS" starttime="20211112 03:48:20.384" endtime="20211112 03:48:26.094"/>
</kw>
<status status="PASS" starttime="20211112 03:48:20.384" endtime="20211112 03:48:26.094"/>
</kw>
<kw name="Dado que esteja na página de login">
<kw name="Acessar a pagina login" library="Resource">
<kw name="Go To" library="SeleniumLibrary">
<arg>${PAGE_LOGIN}</arg>
<doc>Navigates the current browser window to the provided ``url``.</doc>
<msg timestamp="20211112 03:48:26.099" level="INFO">Opening url 'http://automationpractice.com/index.php?controller=authentication&amp;back=my-account'</msg>
<status status="PASS" starttime="20211112 03:48:26.099" endtime="20211112 03:48:27.543"/>
</kw>
<status status="PASS" starttime="20211112 03:48:26.098" endtime="20211112 03:48:27.543"/>
</kw>
<status status="PASS" starttime="20211112 03:48:26.098" endtime="20211112 03:48:27.543"/>
</kw>
<kw name="Quando inserir o email e senha">
<arg>145456131</arg>
<arg>123456</arg>
<kw name="Inserir Email" library="Resource">
<arg>${EMAIL}</arg>
<kw name="Input Text" library="SeleniumLibrary">
<arg>id:email</arg>
<arg>${EMAIL}</arg>
<doc>Types the given ``text`` into the text field identified by ``locator``.</doc>
<msg timestamp="20211112 03:48:27.545" level="INFO">Typing text '145456131' into text field 'id:email'.</msg>
<status status="PASS" starttime="20211112 03:48:27.545" endtime="20211112 03:48:27.659"/>
</kw>
<status status="PASS" starttime="20211112 03:48:27.544" endtime="20211112 03:48:27.659"/>
</kw>
<kw name="Inserir Senha" library="Resource">
<arg>${SENHA}</arg>
<kw name="Input Text" library="SeleniumLibrary">
<arg>id:passwd</arg>
<arg>${SENHA}</arg>
<doc>Types the given ``text`` into the text field identified by ``locator``.</doc>
<msg timestamp="20211112 03:48:27.660" level="INFO">Typing text '123456' into text field 'id:passwd'.</msg>
<status status="PASS" starttime="20211112 03:48:27.660" endtime="20211112 03:48:27.765"/>
</kw>
<status status="PASS" starttime="20211112 03:48:27.660" endtime="20211112 03:48:27.765"/>
</kw>
<kw name="Clicar Botão Sign In" library="Resource">
<kw name="Click Button" library="SeleniumLibrary">
<arg>id:SubmitLogin</arg>
<doc>Clicks the button identified by ``locator``.</doc>
<msg timestamp="20211112 03:48:27.766" level="INFO">Clicking button 'id:SubmitLogin'.</msg>
<status status="PASS" starttime="20211112 03:48:27.765" endtime="20211112 03:48:29.007"/>
</kw>
<status status="PASS" starttime="20211112 03:48:27.765" endtime="20211112 03:48:29.007"/>
</kw>
<status status="PASS" starttime="20211112 03:48:27.544" endtime="20211112 03:48:29.007"/>
</kw>
<kw name="não deve logar e mostrar mensagem de erro">
<arg>Invalid email address.</arg>
<kw name="Conferir msg de Erro" library="Resource">
<arg>${MSG}</arg>
<kw name="Wait Until Element Is Visible" library="SeleniumLibrary">
<arg>css:div.alert ol</arg>
<doc>Waits until the element ``locator`` is visible.</doc>
<status status="PASS" starttime="20211112 03:48:29.009" endtime="20211112 03:48:29.041"/>
</kw>
<kw name="Element Text Should Be" library="SeleniumLibrary">
<arg>css:div.alert ol</arg>
<arg>${MSG}</arg>
<doc>Verifies that element ``locator`` contains exact the text ``expected``.</doc>
<msg timestamp="20211112 03:48:29.041" level="INFO">Verifying element 'css:div.alert ol' contains exact text 'Invalid email address.'.</msg>
<status status="PASS" starttime="20211112 03:48:29.041" endtime="20211112 03:48:29.060"/>
</kw>
<kw name="Element Text Should Be" library="SeleniumLibrary">
<arg>css:div.alert p</arg>
<arg>There is 1 error</arg>
<doc>Verifies that element ``locator`` contains exact the text ``expected``.</doc>
<msg timestamp="20211112 03:48:29.060" level="INFO">Verifying element 'css:div.alert p' contains exact text 'There is 1 error'.</msg>
<status status="PASS" starttime="20211112 03:48:29.060" endtime="20211112 03:48:29.086"/>
</kw>
<kw name="Element Should Be Visible" library="SeleniumLibrary">
<arg>id:SubmitCreate</arg>
<doc>Verifies that the element identified by ``locator`` is visible.</doc>
<msg timestamp="20211112 03:48:29.111" level="INFO">Element 'id:SubmitCreate' is displayed.</msg>
<status status="PASS" starttime="20211112 03:48:29.086" endtime="20211112 03:48:29.111"/>
</kw>
<status status="PASS" starttime="20211112 03:48:29.008" endtime="20211112 03:48:29.111"/>
</kw>
<status status="PASS" starttime="20211112 03:48:29.008" endtime="20211112 03:48:29.111"/>
</kw>
<kw name="Fechar Navegador" library="Resource" type="TEARDOWN">
<kw name="Close Browser" library="SeleniumLibrary">
<doc>Closes the current browser.</doc>
<status status="PASS" starttime="20211112 03:48:29.112" endtime="20211112 03:48:31.322"/>
</kw>
<status status="PASS" starttime="20211112 03:48:29.112" endtime="20211112 03:48:31.322"/>
</kw>
<tag>CENARIO_4</tag>
<status status="PASS" starttime="20211112 03:48:20.383" endtime="20211112 03:48:31.323"/>
</test>
<status status="PASS" starttime="20211112 03:48:20.201" endtime="20211112 03:48:31.324"/>
</suite>
<statistics>
<total>
<stat pass="1" fail="0" skip="0">All Tests</stat>
</total>
<tag>
<stat pass="1" fail="0" skip="0">CENARIO_4</stat>
</tag>
<suite>
<stat pass="1" fail="0" skip="0" id="s1" name="testLoginMyStore">testLoginMyStore</stat>
</suite>
</statistics>
<errors>
</errors>
</robot>
