<?xml version="1.0" encoding="UTF-8"?>
<robot generator="Robot 4.1.2 (Python 3.9.5 on win32)" generated="20211110 14:43:40.200" rpa="false" schemaversion="2">
<suite id="s1" name="testLoginMyStore" source="D:\Projetos\Robot\tests\testLoginMyStore.robot">
<test id="s1-t1" name="Cenário: Login sem sucesso: sem informar o email">
<kw name="Abrir Navegador" library="Resource" type="SETUP">
<kw name="Open Browser" library="SeleniumLibrary">
<arg>${URL}</arg>
<arg>${BROWSER}</arg>
<doc>Opens a new browser instance to the optional ``url``.</doc>
<msg timestamp="20211110 14:43:41.877" level="INFO">Opening browser 'Google Chrome' to base url 'http://automationpractice.com/index.php'.</msg>
<status status="PASS" starttime="20211110 14:43:41.875" endtime="20211110 14:43:54.471"/>
</kw>
<status status="PASS" starttime="20211110 14:43:41.872" endtime="20211110 14:43:54.471"/>
</kw>
<kw name="Dado que esteja na página de login">
<kw name="Acessar a pagina login" library="Resource">
<kw name="Go To" library="SeleniumLibrary">
<arg>${PAGE_LOGIN}</arg>
<doc>Navigates the current browser window to the provided ``url``.</doc>
<msg timestamp="20211110 14:43:54.513" level="INFO">Opening url 'http://automationpractice.com/index.php?controller=authentication&amp;back=my-account'</msg>
<status status="PASS" starttime="20211110 14:43:54.511" endtime="20211110 14:43:56.605"/>
</kw>
<status status="PASS" starttime="20211110 14:43:54.509" endtime="20211110 14:43:56.606"/>
</kw>
<status status="PASS" starttime="20211110 14:43:54.502" endtime="20211110 14:43:56.607"/>
</kw>
<kw name="Quando inserir somente a senha">
<kw name="Inserir Password" library="Resource">
<kw name="Input Text" library="SeleniumLibrary">
<arg>id:passwd</arg>
<arg>${PASSWORD}</arg>
<doc>Types the given ``text`` into the text field identified by ``locator``.</doc>
<msg timestamp="20211110 14:43:56.622" level="INFO">Typing text '123456' into text field 'id:passwd'.</msg>
<status status="PASS" starttime="20211110 14:43:56.619" endtime="20211110 14:43:57.214"/>
</kw>
<status status="PASS" starttime="20211110 14:43:56.616" endtime="20211110 14:43:57.215"/>
</kw>
<kw name="Clicar Botão Sign In" library="Resource">
<kw name="Click Button" library="SeleniumLibrary">
<arg>id:SubmitLogin</arg>
<doc>Clicks the button identified by ``locator``.</doc>
<msg timestamp="20211110 14:43:57.220" level="INFO">Clicking button 'id:SubmitLogin'.</msg>
<status status="PASS" starttime="20211110 14:43:57.218" endtime="20211110 14:43:59.006"/>
</kw>
<status status="PASS" starttime="20211110 14:43:57.216" endtime="20211110 14:43:59.007"/>
</kw>
<status status="PASS" starttime="20211110 14:43:56.614" endtime="20211110 14:43:59.008"/>
</kw>
<kw name="Então deve mostrar mensagem da falta do email">
<kw name="Conferir msg de Erro" library="Resource">
<kw name="Wait Until Element Is Visible" library="SeleniumLibrary">
<arg>css:div.alert ol</arg>
<doc>Waits until the element ``locator`` is visible.</doc>
<status status="PASS" starttime="20211110 14:43:59.028" endtime="20211110 14:43:59.246"/>
</kw>
<kw name="Element Text Should Be" library="SeleniumLibrary">
<arg>css:div.alert ol</arg>
<arg>An email address required.</arg>
<doc>Verifies that element ``locator`` contains exact the text ``expected``.</doc>
<msg timestamp="20211110 14:43:59.246" level="INFO">Verifying element 'css:div.alert ol' contains exact text 'An email address required.'.</msg>
<status status="PASS" starttime="20211110 14:43:59.246" endtime="20211110 14:43:59.324"/>
</kw>
<kw name="Element Text Should Be" library="SeleniumLibrary">
<arg>css:div.alert p</arg>
<arg>There is 1 error</arg>
<doc>Verifies that element ``locator`` contains exact the text ``expected``.</doc>
<msg timestamp="20211110 14:43:59.324" level="INFO">Verifying element 'css:div.alert p' contains exact text 'There is 1 error'.</msg>
<status status="PASS" starttime="20211110 14:43:59.324" endtime="20211110 14:43:59.417"/>
</kw>
<status status="PASS" starttime="20211110 14:43:59.026" endtime="20211110 14:43:59.417"/>
</kw>
<status status="PASS" starttime="20211110 14:43:59.024" endtime="20211110 14:43:59.417"/>
</kw>
<kw name="Fechar Navegador" library="Resource" type="TEARDOWN">
<kw name="Close Browser" library="SeleniumLibrary">
<doc>Closes the current browser.</doc>
<status status="PASS" starttime="20211110 14:43:59.425" endtime="20211110 14:44:03.800"/>
</kw>
<status status="PASS" starttime="20211110 14:43:59.417" endtime="20211110 14:44:03.801"/>
</kw>
<tag>errorr</tag>
<status status="PASS" starttime="20211110 14:43:41.868" endtime="20211110 14:44:03.806"/>
</test>
<status status="PASS" starttime="20211110 14:43:40.200" endtime="20211110 14:44:03.816"/>
</suite>
<statistics>
<total>
<stat pass="1" fail="0" skip="0">All Tests</stat>
</total>
<tag>
<stat pass="1" fail="0" skip="0">errorr</stat>
</tag>
<suite>
<stat pass="1" fail="0" skip="0" id="s1" name="testLoginMyStore">testLoginMyStore</stat>
</suite>
</statistics>
<errors>
</errors>
</robot>
